<?xml version="1.0" encoding="UTF-8"?>
<testng-results skipped="0" failed="0" ignored="0" total="1" passed="1">
  <reporter-output>
  </reporter-output>
  <suite name="用户管理系统测试套件" duration-ms="913" started-at="2020-02-13T01:23:25 CST" finished-at="2020-02-13T01:23:26 CST">
    <groups>
    </groups>
    <test name="用户管理系统测试用例" duration-ms="913" started-at="2020-02-13T01:23:25 CST" finished-at="2020-02-13T01:23:26 CST">
      <class name="com.api.cases.News">
        <test-method status="PASS" signature="test01()[pri:0, instance:com.api.cases.News@5442a311]" name="test01" duration-ms="871" started-at="2020-02-13T01:23:25 CST" finished-at="2020-02-13T01:23:26 CST">
          <reporter-output>
          </reporter-output>
        </test-method> <!-- test01 -->
      </class> <!-- com.api.cases.News -->
    </test> <!-- 用户管理系统测试用例 -->
  </suite> <!-- 用户管理系统测试套件 -->
</testng-results>
